2022-06-17 16:52:16,974:INFO:PyCaret Supervised Module
2022-06-17 16:52:16,974:INFO:ML Usecase: anomaly
2022-06-17 16:52:16,975:INFO:version 2.3.10
2022-06-17 16:52:16,975:INFO:Initializing setup()
2022-06-17 16:52:16,975:INFO:setup(target=None, ml_usecase=anomaly, available_plots={'tsne': 'Anomaly TSnE (3d)', 'umap': 'UMAP Dimensionality'}, train_size=0.7, test_data=None, preprocess=True, imputation_type=simple, iterative_imputation_iters=5, categorical_features=None, categorical_imputation=mode, categorical_iterative_imputer=lightgbm, ordinal_features=None, high_cardinality_features=None, high_cardinality_method=frequency, numeric_features=None, numeric_imputation=mean, numeric_iterative_imputer=lightgbm, date_features=None, ignore_features=['MouseID'], normalize=True, normalize_method=zscore, transformation=False, transformation_method=yeo-johnson, handle_unknown_categorical=True, unknown_categorical_method=least_frequent, pca=False, pca_method=linear, pca_components=None, ignore_low_variance=False, combine_rare_levels=False, rare_level_threshold=0.1, bin_numeric_features=None, remove_outliers=False, outliers_threshold=0.05, remove_multicollinearity=False, multicollinearity_threshold=0.9, remove_perfect_collinearity=False, create_clusters=False, cluster_iter=20, polynomial_features=False, polynomial_degree=2, trigonometry_features=False, polynomial_threshold=0.1, group_features=None, group_names=None, feature_selection=False, feature_selection_threshold=0.8, feature_selection_method=classic, feature_interaction=False, feature_ratio=False, interaction_threshold=0.01, fix_imbalance=False, fix_imbalance_method=None, transform_target=False, transform_target_method=box-cox, data_split_shuffle=False, data_split_stratify=False, fold_strategy=kfold, fold=10, fold_shuffle=False, fold_groups=None, n_jobs=-1, use_gpu=False, custom_pipeline=None, html=True, session_id=123, log_experiment=False, experiment_name=None, experiment_custom_tags=None, log_plots=False, log_profile=False, log_data=False, silent=False, verbose=True, profile=False, profile_kwargs=None, display=None)
2022-06-17 16:52:16,975:INFO:Checking environment
2022-06-17 16:52:16,975:INFO:python_version: 3.7.6
2022-06-17 16:52:16,975:INFO:python_build: ('tags/v3.7.6:43364a7ae0', 'Dec 19 2019 00:42:30')
2022-06-17 16:52:16,975:INFO:machine: AMD64
2022-06-17 16:52:16,975:INFO:platform: Windows-10-10.0.19041-SP0
2022-06-17 16:52:16,976:INFO:Memory: svmem(total=7870156800, available=888139776, percent=88.7, used=6982017024, free=888139776)
2022-06-17 16:52:16,976:INFO:Physical Core: 4
2022-06-17 16:52:16,976:INFO:Logical Core: 8
2022-06-17 16:52:16,976:INFO:Checking libraries
2022-06-17 16:52:16,976:INFO:pd==1.3.5
2022-06-17 16:52:16,976:INFO:numpy==1.19.5
2022-06-17 16:52:16,976:INFO:sklearn==0.23.2
2022-06-17 16:52:16,976:INFO:lightgbm==3.3.2
2022-06-17 16:52:16,977:WARNING:catboost not found
2022-06-17 16:52:16,978:WARNING:xgboost not found
2022-06-17 16:52:16,978:INFO:mlflow==1.26.1
2022-06-17 16:52:16,978:INFO:Checking Exceptions
2022-06-17 16:52:16,978:INFO:Declaring global variables
2022-06-17 16:52:16,978:INFO:USI: df10
2022-06-17 16:52:16,978:INFO:pycaret_globals: {'experiment__', 'USI', '_all_models', 'gpu_param', 'fold_generator', 'fix_imbalance_method_param', 'transform_target_method_param', 'imputation_classifier', 'master_model_container', '_all_models_internal', 'fix_imbalance_param', '_available_plots', 'dashboard_logger', 'create_model_container', 'stratify_param', 'target_param', 'iterative_imputation_iters_param', 'X', 'exp_name_log', 'html_param', 'transform_target_param', '_internal_pipeline', '_gpu_n_jobs_param', 'prep_pipe', 'n_jobs_param', '_ml_usecase', 'fold_shuffle_param', 'display_container', '_all_metrics', 'logging_param', 'seed', 'fold_groups_param_full', 'pycaret_globals', 'log_plots_param', 'imputation_regressor', 'fold_groups_param', 'fold_param', 'data_before_preprocess'}
2022-06-17 16:52:16,978:INFO:Preparing display monitor
2022-06-17 16:52:16,978:INFO:Preparing display monitor
2022-06-17 16:52:16,993:INFO:Importing libraries
2022-06-17 16:52:16,993:INFO:Copying data for preprocessing
2022-06-17 16:52:17,004:INFO:Declaring preprocessing parameters
2022-06-17 16:52:17,013:INFO:Creating preprocessing pipeline
2022-06-17 16:52:17,045:INFO:Preprocessing pipeline created successfully
2022-06-17 16:52:17,046:ERROR:(Process Exit): setup has been interupted with user command 'quit'. setup must rerun.
2022-06-17 16:52:17,046:INFO:Creating global containers
2022-06-17 16:52:17,049:INFO:Internal pipeline: Pipeline(memory=None, steps=[('empty_step', 'passthrough')], verbose=False)
2022-06-17 16:52:24,439:INFO:Creating grid variables
2022-06-17 16:52:24,457:INFO:create_model_container: 0
2022-06-17 16:52:24,458:INFO:master_model_container: 0
2022-06-17 16:52:24,458:INFO:display_container: 1
2022-06-17 16:52:24,465:INFO:Pipeline(memory=None,
         steps=[('dtypes',
                 DataTypes_Auto_infer(categorical_features=[],
                                      display_types=True,
                                      features_todrop=['MouseID'],
                                      id_columns=[], ml_usecase='regression',
                                      numerical_features=[],
                                      target='UNSUPERVISED_DUMMY_TARGET',
                                      time_features=[])),
                ('imputer',
                 Simple_Imputer(categorical_strategy='most frequent',
                                fill_value_categorical=None,
                                fill_value_numer...
                ('P_transform', 'passthrough'), ('binn', 'passthrough'),
                ('rem_outliers', 'passthrough'), ('cluster_all', 'passthrough'),
                ('dummy', Dummify(target='UNSUPERVISED_DUMMY_TARGET')),
                ('fix_perfect', 'passthrough'),
                ('clean_names', Clean_Colum_Names()),
                ('feature_select', 'passthrough'), ('fix_multi', 'passthrough'),
                ('dfs', 'passthrough'), ('pca', 'passthrough')],
         verbose=False)
2022-06-17 16:52:24,465:INFO:setup() succesfully completed......................................
